
Turn 6
================================================================
warning: owned entities 4, 0 collided on cell (23, 15) as the result of moves on this turn
At command 1 of 3:
>>> 1   m 4 n
    2   m 2 s
    3   m 0 o


Turn 11
================================================================
warning: entity 8 was directed to use 8 halite to move west, but only 0 halite was available
At command 1 of 3:
>>> 1   m 8 w
    2   m 6 o
    3   m 2 o


Turn 19
================================================================
warning: owned entities 6, 8 collided on cell (25, 18) as the result of moves on this turn
At command 3 of 3:
    1   m 8 o
    2   m 2 o
>>> 3   m 6 s

