
Turn 11
================================================================
warning: entity 9 was directed to use 7 halite to move east, but only 0 halite was available
At command 2 of 5:
    1   m 1 w
>>> 2   m 9 e
    3   m 5 o
    4   m 3 n


Turn 15
================================================================
warning: owned entities 3, 7 collided on cell (8, 14) as the result of moves on this turn
At command 4 of 5:
    2   m 1 s
    3   m 7 o
>>> 4   m 3 w
    5   m 5 w


Turn 17
================================================================
warning: entity 9 was directed to use 5 halite to move north, but only 0 halite was available
At command 1 of 3:
>>> 1   m 9 n
    2   m 1 o
    3   m 5 o


Turn 25
================================================================
warning: entity 9 was directed to use 8 halite to move north, but only 7 halite was available
At command 1 of 3:
>>> 1   m 9 n
    2   m 5 w
    3   m 1 w


Turn 108
================================================================
warning: entity 1 was directed to use 4 halite to move north, but only 0 halite was available
At command 1 of 3:
>>> 1   m 1 n
    2   m 5 o
    3   m 9 o


Turn 110
================================================================
warning: entity 1 was directed to use 9 halite to move east, but only 8 halite was available
At command 1 of 3:
>>> 1   m 1 e
    2   m 5 o
    3   m 9 o


Turn 203
================================================================
warning: entity 1 was directed to use 8 halite to move north, but only 0 halite was available
At command 1 of 3:
>>> 1   m 1 n
    2   m 5 o
    3   m 9 o


Turn 207
================================================================
warning: entity 1 was directed to use 8 halite to move south, but only 0 halite was available
At command 2 of 3:
    1   m 9 n
>>> 2   m 1 s
    3   m 5 w

